stdio    D         file_stdio.c:110  file_stdio_fopen                 [   0.00000] opening C:\Users\agust\source\repos\GullinoAgus\TP2EDA\Debug\allegro5.cfg r
system   D            wsystem.c:799  maybe_parent_dir                 [   0.00000] Also searching C:\Users\agust\Source\Repos\GullinoAgus\TP2EDA\
system   D            wsystem.c:854  _al_win_safe_load_library        [   0.00000] PathFindOnPath found: C:\WINDOWS\system32\shcore.dll
system   D            wsystem.c:760  load_library_at_path             [   0.00000] Calling LoadLibrary C:\WINDOWS\system32\shcore.dll
system   I            wsystem.c:763  load_library_at_path             [   0.00000] Loaded C:\WINDOWS\system32\shcore.dll
system   I             system.c:267  al_install_system                [   0.00000] Allegro version: 5.2.6
system   D            wsystem.c:799  maybe_parent_dir                 [   0.00052] Also searching C:\Users\agust\source\repos\GullinoAgus\TP2EDA\
system   D            wsystem.c:854  _al_win_safe_load_library        [   0.00076] PathFindOnPath found: C:\WINDOWS\system32\d3d9.dll
system   D            wsystem.c:760  load_library_at_path             [   0.00085] Calling LoadLibrary C:\WINDOWS\system32\d3d9.dll
system   I            wsystem.c:763  load_library_at_path             [   0.00701] Loaded C:\WINDOWS\system32\d3d9.dll
d3d      I         d3d_disp.cpp:684  d3d_init_display                 [   0.05517] Render-to-texture: 1
d3d      I         d3d_disp.cpp:1778 d3d_create_display_locked        [   0.05618] faux_fullscreen=0
d3d      D         d3d_disp.cpp:1779 d3d_create_display_locked        [   0.05625] al_display=00FBE7C0
d3d      D         d3d_disp.cpp:1780 d3d_create_display_locked        [   0.05637] al_display->vt=00FBE6E0
d3d      I d3d_display_formats.cpp:144  _al_d3d_generate_display_format_list [   0.06108] found 160 format combinations
display  D   display_settings.c:212  debug_display_settings           [   0.06121] color: 32 (rgba 8880), depth: 0, stencil: 0, acc: 0000, samples: 0/0
display  D   display_settings.c:527  _al_score_display_settings       [   0.06130] Score is : 897
display  D   display_settings.c:212  debug_display_settings           [   0.06136] color: 32 (rgba 8880), depth: 0, stencil: 0, acc: 0000, samples: 0/0
display  D   display_settings.c:527  _al_score_display_settings       [   0.06145] Score is : 897
display  D   display_settings.c:212  debug_display_settings           [   0.06150] color: 32 (rgba 8880), depth: 0, stencil: 0, acc: 0000, samples: 2/1
display  D   display_settings.c:527  _al_score_display_settings       [   0.06157] Score is : 726
display  D   display_settings.c:212  debug_display_settings           [   0.06164] color: 32 (rgba 8880), depth: 0, stencil: 0, acc: 0000, samples: 3/1
display  D   display_settings.c:527  _al_score_display_settings       [   0.06172] Score is : 721
display  D   display_settings.c:212  debug_display_settings           [   0.06179] color: 32 (rgba 8880), depth: 0, stencil: 0, acc: 0000, samples: 4/1
display  D   display_settings.c:527  _al_score_display_settings       [   0.06186] Score is : 717
display  D   display_settings.c:212  debug_display_settings           [   0.06193] color: 32 (rgba 8880), depth: 24, stencil: 8, acc: 0000, samples: 0/0
display  D   display_settings.c:527  _al_score_display_settings       [   0.06199] Score is : 897
display  D   display_settings.c:212  debug_display_settings           [   0.06204] color: 32 (rgba 8880), depth: 24, stencil: 8, acc: 0000, samples: 0/0
display  D   display_settings.c:527  _al_score_display_settings       [   0.06210] Score is : 897
display  D   display_settings.c:212  debug_display_settings           [   0.06218] color: 32 (rgba 8880), depth: 24, stencil: 8, acc: 0000, samples: 2/1
display  D   display_settings.c:527  _al_score_display_settings       [   0.06226] Score is : 726
display  D   display_settings.c:212  debug_display_settings           [   0.06232] color: 32 (rgba 8880), depth: 24, stencil: 8, acc: 0000, samples: 3/1
display  D   display_settings.c:527  _al_score_display_settings       [   0.06238] Score is : 721
display  D   display_settings.c:212  debug_display_settings           [   0.06248] color: 32 (rgba 8880), depth: 24, stencil: 8, acc: 0000, samples: 4/1
display  D   display_settings.c:527  _al_score_display_settings       [   0.06256] Score is : 717
display  D   display_settings.c:212  debug_display_settings           [   0.06264] color: 32 (rgba 8880), depth: 24, stencil: 0, acc: 0000, samples: 0/0
display  D   display_settings.c:527  _al_score_display_settings       [   0.06272] Score is : 897
display  D   display_settings.c:212  debug_display_settings           [   0.06280] color: 32 (rgba 8880), depth: 24, stencil: 0, acc: 0000, samples: 0/0
display  D   display_settings.c:527  _al_score_display_settings       [   0.06286] Score is : 897
display  D   display_settings.c:212  debug_display_settings           [   0.06294] color: 32 (rgba 8880), depth: 24, stencil: 0, acc: 0000, samples: 2/1
display  D   display_settings.c:527  _al_score_display_settings       [   0.06302] Score is : 726
display  D   display_settings.c:212  debug_display_settings           [   0.06309] color: 32 (rgba 8880), depth: 24, stencil: 0, acc: 0000, samples: 3/1
display  D   display_settings.c:527  _al_score_display_settings       [   0.06314] Score is : 721
display  D   display_settings.c:212  debug_display_settings           [   0.06322] color: 32 (rgba 8880), depth: 24, stencil: 0, acc: 0000, samples: 4/1
display  D   display_settings.c:527  _al_score_display_settings       [   0.06330] Score is : 717
display  D   display_settings.c:212  debug_display_settings           [   0.06339] color: 32 (rgba 8880), depth: 16, stencil: 0, acc: 0000, samples: 0/0
display  D   display_settings.c:527  _al_score_display_settings       [   0.06346] Score is : 897
display  D   display_settings.c:212  debug_display_settings           [   0.06352] color: 32 (rgba 8880), depth: 16, stencil: 0, acc: 0000, samples: 0/0
display  D   display_settings.c:527  _al_score_display_settings       [   0.06358] Score is : 897
display  D   display_settings.c:212  debug_display_settings           [   0.06365] color: 32 (rgba 8880), depth: 16, stencil: 0, acc: 0000, samples: 2/1
display  D   display_settings.c:527  _al_score_display_settings       [   0.06374] Score is : 726
display  D   display_settings.c:212  debug_display_settings           [   0.06381] color: 32 (rgba 8880), depth: 16, stencil: 0, acc: 0000, samples: 3/1
display  D   display_settings.c:527  _al_score_display_settings       [   0.06389] Score is : 721
display  D   display_settings.c:212  debug_display_settings           [   0.06396] color: 32 (rgba 8880), depth: 16, stencil: 0, acc: 0000, samples: 4/1
display  D   display_settings.c:527  _al_score_display_settings       [   0.06405] Score is : 717
display  D   display_settings.c:212  debug_display_settings           [   0.06414] color: 16 (rgba 5650), depth: 0, stencil: 0, acc: 0000, samples: 0/0
display  D   display_settings.c:527  _al_score_display_settings       [   0.06422] Score is : 897
display  D   display_settings.c:212  debug_display_settings           [   0.06430] color: 16 (rgba 5650), depth: 0, stencil: 0, acc: 0000, samples: 0/0
display  D   display_settings.c:527  _al_score_display_settings       [   0.06438] Score is : 897
display  D   display_settings.c:212  debug_display_settings           [   0.06445] color: 16 (rgba 5650), depth: 0, stencil: 0, acc: 0000, samples: 2/1
display  D   display_settings.c:527  _al_score_display_settings       [   0.06451] Score is : 726
display  D   display_settings.c:212  debug_display_settings           [   0.06457] color: 16 (rgba 5650), depth: 0, stencil: 0, acc: 0000, samples: 3/1
display  D   display_settings.c:527  _al_score_display_settings       [   0.06464] Score is : 721
display  D   display_settings.c:212  debug_display_settings           [   0.06472] color: 16 (rgba 5650), depth: 0, stencil: 0, acc: 0000, samples: 4/1
display  D   display_settings.c:527  _al_score_display_settings       [   0.06479] Score is : 717
display  D   display_settings.c:212  debug_display_settings           [   0.06492] color: 16 (rgba 5650), depth: 24, stencil: 8, acc: 0000, samples: 0/0
display  D   display_settings.c:527  _al_score_display_settings       [   0.06500] Score is : 897
display  D   display_settings.c:212  debug_display_settings           [   0.06508] color: 16 (rgba 5650), depth: 24, stencil: 8, acc: 0000, samples: 0/0
display  D   display_settings.c:527  _al_score_display_settings       [   0.06515] Score is : 897
display  D   display_settings.c:212  debug_display_settings           [   0.06521] color: 16 (rgba 5650), depth: 24, stencil: 8, acc: 0000, samples: 2/1
display  D   display_settings.c:527  _al_score_display_settings       [   0.06528] Score is : 726
display  D   display_settings.c:212  debug_display_settings           [   0.06536] color: 16 (rgba 5650), depth: 24, stencil: 8, acc: 0000, samples: 3/1
display  D   display_settings.c:527  _al_score_display_settings       [   0.06543] Score is : 721
display  D   display_settings.c:212  debug_display_settings           [   0.06551] color: 16 (rgba 5650), depth: 24, stencil: 8, acc: 0000, samples: 4/1
display  D   display_settings.c:527  _al_score_display_settings       [   0.06559] Score is : 717
display  D   display_settings.c:212  debug_display_settings           [   0.06565] color: 16 (rgba 5650), depth: 24, stencil: 0, acc: 0000, samples: 0/0
display  D   display_settings.c:527  _al_score_display_settings       [   0.06572] Score is : 897
display  D   display_settings.c:212  debug_display_settings           [   0.06578] color: 16 (rgba 5650), depth: 24, stencil: 0, acc: 0000, samples: 0/0
display  D   display_settings.c:527  _al_score_display_settings       [   0.06585] Score is : 897
display  D   display_settings.c:212  debug_display_settings           [   0.06592] color: 16 (rgba 5650), depth: 24, stencil: 0, acc: 0000, samples: 2/1
display  D   display_settings.c:527  _al_score_display_settings       [   0.06601] Score is : 726
display  D   display_settings.c:212  debug_display_settings           [   0.06608] color: 16 (rgba 5650), depth: 24, stencil: 0, acc: 0000, samples: 3/1
display  D   display_settings.c:527  _al_score_display_settings       [   0.06616] Score is : 721
display  D   display_settings.c:212  debug_display_settings           [   0.06623] color: 16 (rgba 5650), depth: 24, stencil: 0, acc: 0000, samples: 4/1
display  D   display_settings.c:527  _al_score_display_settings       [   0.06631] Score is : 717
display  D   display_settings.c:212  debug_display_settings           [   0.06637] color: 16 (rgba 5650), depth: 16, stencil: 0, acc: 0000, samples: 0/0
display  D   display_settings.c:527  _al_score_display_settings       [   0.06646] Score is : 897
display  D   display_settings.c:212  debug_display_settings           [   0.06654] color: 16 (rgba 5650), depth: 16, stencil: 0, acc: 0000, samples: 0/0
display  D   display_settings.c:527  _al_score_display_settings       [   0.06660] Score is : 897
display  D   display_settings.c:212  debug_display_settings           [   0.06667] color: 16 (rgba 5650), depth: 16, stencil: 0, acc: 0000, samples: 2/1
display  D   display_settings.c:527  _al_score_display_settings       [   0.06677] Score is : 726
display  D   display_settings.c:212  debug_display_settings           [   0.06684] color: 16 (rgba 5650), depth: 16, stencil: 0, acc: 0000, samples: 3/1
display  D   display_settings.c:527  _al_score_display_settings       [   0.06690] Score is : 721
display  D   display_settings.c:212  debug_display_settings           [   0.06697] color: 16 (rgba 5650), depth: 16, stencil: 0, acc: 0000, samples: 4/1
display  D   display_settings.c:527  _al_score_display_settings       [   0.06704] Score is : 717
display  D   display_settings.c:212  debug_display_settings           [   0.06710] color: 32 (rgba 8880), depth: 0, stencil: 0, acc: 0000, samples: 0/0
display  D   display_settings.c:398  _al_score_display_settings       [   0.06717] Single Buffer requirement not met.
display  D   display_settings.c:212  debug_display_settings           [   0.06724] color: 32 (rgba 8880), depth: 0, stencil: 0, acc: 0000, samples: 0/0
display  D   display_settings.c:398  _al_score_display_settings       [   0.06737] Single Buffer requirement not met.
display  D   display_settings.c:212  debug_display_settings           [   0.06745] color: 32 (rgba 8880), depth: 0, stencil: 0, acc: 0000, samples: 2/1
display  D   display_settings.c:398  _al_score_display_settings       [   0.06767] Single Buffer requirement not met.
display  D   display_settings.c:212  debug_display_settings           [   0.06777] color: 32 (rgba 8880), depth: 0, stencil: 0, acc: 0000, samples: 3/1
display  D   display_settings.c:398  _al_score_display_settings       [   0.06787] Single Buffer requirement not met.
display  D   display_settings.c:212  debug_display_settings           [   0.06796] color: 32 (rgba 8880), depth: 0, stencil: 0, acc: 0000, samples: 4/1
display  D   display_settings.c:398  _al_score_display_settings       [   0.06803] Single Buffer requirement not met.
display  D   display_settings.c:212  debug_display_settings           [   0.06809] color: 32 (rgba 8880), depth: 24, stencil: 8, acc: 0000, samples: 0/0
display  D   display_settings.c:398  _al_score_display_settings       [   0.06816] Single Buffer requirement not met.
display  D   display_settings.c:212  debug_display_settings           [   0.06821] color: 32 (rgba 8880), depth: 24, stencil: 8, acc: 0000, samples: 0/0
display  D   display_settings.c:398  _al_score_display_settings       [   0.06827] Single Buffer requirement not met.
display  D   display_settings.c:212  debug_display_settings           [   0.06832] color: 32 (rgba 8880), depth: 24, stencil: 8, acc: 0000, samples: 2/1
display  D   display_settings.c:398  _al_score_display_settings       [   0.06839] Single Buffer requirement not met.
display  D   display_settings.c:212  debug_display_settings           [   0.06846] color: 32 (rgba 8880), depth: 24, stencil: 8, acc: 0000, samples: 3/1
display  D   display_settings.c:398  _al_score_display_settings       [   0.06854] Single Buffer requirement not met.
display  D   display_settings.c:212  debug_display_settings           [   0.06861] color: 32 (rgba 8880), depth: 24, stencil: 8, acc: 0000, samples: 4/1
display  D   display_settings.c:398  _al_score_display_settings       [   0.06868] Single Buffer requirement not met.
display  D   display_settings.c:212  debug_display_settings           [   0.06874] color: 32 (rgba 8880), depth: 24, stencil: 0, acc: 0000, samples: 0/0
display  D   display_settings.c:398  _al_score_display_settings       [   0.06881] Single Buffer requirement not met.
display  D   display_settings.c:212  debug_display_settings           [   0.06888] color: 32 (rgba 8880), depth: 24, stencil: 0, acc: 0000, samples: 0/0
display  D   display_settings.c:398  _al_score_display_settings       [   0.06895] Single Buffer requirement not met.
display  D   display_settings.c:212  debug_display_settings           [   0.06902] color: 32 (rgba 8880), depth: 24, stencil: 0, acc: 0000, samples: 2/1
display  D   display_settings.c:398  _al_score_display_settings       [   0.06909] Single Buffer requirement not met.
display  D   display_settings.c:212  debug_display_settings           [   0.06916] color: 32 (rgba 8880), depth: 24, stencil: 0, acc: 0000, samples: 3/1
display  D   display_settings.c:398  _al_score_display_settings       [   0.06923] Single Buffer requirement not met.
display  D   display_settings.c:212  debug_display_settings           [   0.06928] color: 32 (rgba 8880), depth: 24, stencil: 0, acc: 0000, samples: 4/1
display  D   display_settings.c:398  _al_score_display_settings       [   0.06934] Single Buffer requirement not met.
display  D   display_settings.c:212  debug_display_settings           [   0.06942] color: 32 (rgba 8880), depth: 16, stencil: 0, acc: 0000, samples: 0/0
display  D   display_settings.c:398  _al_score_display_settings       [   0.06948] Single Buffer requirement not met.
display  D   display_settings.c:212  debug_display_settings           [   0.06954] color: 32 (rgba 8880), depth: 16, stencil: 0, acc: 0000, samples: 0/0
display  D   display_settings.c:398  _al_score_display_settings       [   0.06960] Single Buffer requirement not met.
display  D   display_settings.c:212  debug_display_settings           [   0.06966] color: 32 (rgba 8880), depth: 16, stencil: 0, acc: 0000, samples: 2/1
display  D   display_settings.c:398  _al_score_display_settings       [   0.06972] Single Buffer requirement not met.
display  D   display_settings.c:212  debug_display_settings           [   0.06979] color: 32 (rgba 8880), depth: 16, stencil: 0, acc: 0000, samples: 3/1
display  D   display_settings.c:398  _al_score_display_settings       [   0.06986] Single Buffer requirement not met.
display  D   display_settings.c:212  debug_display_settings           [   0.06992] color: 32 (rgba 8880), depth: 16, stencil: 0, acc: 0000, samples: 4/1
display  D   display_settings.c:398  _al_score_display_settings       [   0.06997] Single Buffer requirement not met.
display  D   display_settings.c:212  debug_display_settings           [   0.07002] color: 16 (rgba 5650), depth: 0, stencil: 0, acc: 0000, samples: 0/0
display  D   display_settings.c:398  _al_score_display_settings       [   0.07008] Single Buffer requirement not met.
display  D   display_settings.c:212  debug_display_settings           [   0.07015] color: 16 (rgba 5650), depth: 0, stencil: 0, acc: 0000, samples: 0/0
display  D   display_settings.c:398  _al_score_display_settings       [   0.07023] Single Buffer requirement not met.
display  D   display_settings.c:212  debug_display_settings           [   0.07029] color: 16 (rgba 5650), depth: 0, stencil: 0, acc: 0000, samples: 2/1
display  D   display_settings.c:398  _al_score_display_settings       [   0.07037] Single Buffer requirement not met.
display  D   display_settings.c:212  debug_display_settings           [   0.07045] color: 16 (rgba 5650), depth: 0, stencil: 0, acc: 0000, samples: 3/1
display  D   display_settings.c:398  _al_score_display_settings       [   0.07052] Single Buffer requirement not met.
display  D   display_settings.c:212  debug_display_settings           [   0.07060] color: 16 (rgba 5650), depth: 0, stencil: 0, acc: 0000, samples: 4/1
display  D   display_settings.c:398  _al_score_display_settings       [   0.07067] Single Buffer requirement not met.
display  D   display_settings.c:212  debug_display_settings           [   0.07074] color: 16 (rgba 5650), depth: 24, stencil: 8, acc: 0000, samples: 0/0
display  D   display_settings.c:398  _al_score_display_settings       [   0.07082] Single Buffer requirement not met.
display  D   display_settings.c:212  debug_display_settings           [   0.07090] color: 16 (rgba 5650), depth: 24, stencil: 8, acc: 0000, samples: 0/0
display  D   display_settings.c:398  _al_score_display_settings       [   0.07098] Single Buffer requirement not met.
display  D   display_settings.c:212  debug_display_settings           [   0.07107] color: 16 (rgba 5650), depth: 24, stencil: 8, acc: 0000, samples: 2/1
display  D   display_settings.c:398  _al_score_display_settings       [   0.07115] Single Buffer requirement not met.
display  D   display_settings.c:212  debug_display_settings           [   0.07123] color: 16 (rgba 5650), depth: 24, stencil: 8, acc: 0000, samples: 3/1
display  D   display_settings.c:398  _al_score_display_settings       [   0.07131] Single Buffer requirement not met.
display  D   display_settings.c:212  debug_display_settings           [   0.07139] color: 16 (rgba 5650), depth: 24, stencil: 8, acc: 0000, samples: 4/1
display  D   display_settings.c:398  _al_score_display_settings       [   0.07148] Single Buffer requirement not met.
display  D   display_settings.c:212  debug_display_settings           [   0.07157] color: 16 (rgba 5650), depth: 24, stencil: 0, acc: 0000, samples: 0/0
display  D   display_settings.c:398  _al_score_display_settings       [   0.07166] Single Buffer requirement not met.
display  D   display_settings.c:212  debug_display_settings           [   0.07173] color: 16 (rgba 5650), depth: 24, stencil: 0, acc: 0000, samples: 0/0
display  D   display_settings.c:398  _al_score_display_settings       [   0.07181] Single Buffer requirement not met.
display  D   display_settings.c:212  debug_display_settings           [   0.07188] color: 16 (rgba 5650), depth: 24, stencil: 0, acc: 0000, samples: 2/1
display  D   display_settings.c:398  _al_score_display_settings       [   0.07196] Single Buffer requirement not met.
display  D   display_settings.c:212  debug_display_settings           [   0.07203] color: 16 (rgba 5650), depth: 24, stencil: 0, acc: 0000, samples: 3/1
display  D   display_settings.c:398  _al_score_display_settings       [   0.07212] Single Buffer requirement not met.
display  D   display_settings.c:212  debug_display_settings           [   0.07219] color: 16 (rgba 5650), depth: 24, stencil: 0, acc: 0000, samples: 4/1
display  D   display_settings.c:398  _al_score_display_settings       [   0.07228] Single Buffer requirement not met.
display  D   display_settings.c:212  debug_display_settings           [   0.07236] color: 16 (rgba 5650), depth: 16, stencil: 0, acc: 0000, samples: 0/0
display  D   display_settings.c:398  _al_score_display_settings       [   0.07251] Single Buffer requirement not met.
display  D   display_settings.c:212  debug_display_settings           [   0.07257] color: 16 (rgba 5650), depth: 16, stencil: 0, acc: 0000, samples: 0/0
display  D   display_settings.c:398  _al_score_display_settings       [   0.07270] Single Buffer requirement not met.
display  D   display_settings.c:212  debug_display_settings           [   0.07277] color: 16 (rgba 5650), depth: 16, stencil: 0, acc: 0000, samples: 2/1
display  D   display_settings.c:398  _al_score_display_settings       [   0.07284] Single Buffer requirement not met.
display  D   display_settings.c:212  debug_display_settings           [   0.07291] color: 16 (rgba 5650), depth: 16, stencil: 0, acc: 0000, samples: 3/1
display  D   display_settings.c:398  _al_score_display_settings       [   0.07298] Single Buffer requirement not met.
display  D   display_settings.c:212  debug_display_settings           [   0.07306] color: 16 (rgba 5650), depth: 16, stencil: 0, acc: 0000, samples: 4/1
display  D   display_settings.c:398  _al_score_display_settings       [   0.07312] Single Buffer requirement not met.
display  D   display_settings.c:212  debug_display_settings           [   0.07319] color: 32 (rgba 8880), depth: 0, stencil: 0, acc: 0000, samples: 0/0
display  D   display_settings.c:527  _al_score_display_settings       [   0.07326] Score is : 769
display  D   display_settings.c:212  debug_display_settings           [   0.07333] color: 32 (rgba 8880), depth: 0, stencil: 0, acc: 0000, samples: 0/0
display  D   display_settings.c:527  _al_score_display_settings       [   0.07340] Score is : 769
display  D   display_settings.c:212  debug_display_settings           [   0.07346] color: 32 (rgba 8880), depth: 0, stencil: 0, acc: 0000, samples: 2/1
display  D   display_settings.c:527  _al_score_display_settings       [   0.07353] Score is : 598
display  D   display_settings.c:212  debug_display_settings           [   0.07359] color: 32 (rgba 8880), depth: 0, stencil: 0, acc: 0000, samples: 3/1
display  D   display_settings.c:527  _al_score_display_settings       [   0.07366] Score is : 593
display  D   display_settings.c:212  debug_display_settings           [   0.07374] color: 32 (rgba 8880), depth: 0, stencil: 0, acc: 0000, samples: 4/1
display  D   display_settings.c:527  _al_score_display_settings       [   0.07381] Score is : 589
display  D   display_settings.c:212  debug_display_settings           [   0.07388] color: 32 (rgba 8880), depth: 24, stencil: 8, acc: 0000, samples: 0/0
display  D   display_settings.c:527  _al_score_display_settings       [   0.07395] Score is : 769
display  D   display_settings.c:212  debug_display_settings           [   0.07402] color: 32 (rgba 8880), depth: 24, stencil: 8, acc: 0000, samples: 0/0
display  D   display_settings.c:527  _al_score_display_settings       [   0.07409] Score is : 769
display  D   display_settings.c:212  debug_display_settings           [   0.07416] color: 32 (rgba 8880), depth: 24, stencil: 8, acc: 0000, samples: 2/1
display  D   display_settings.c:527  _al_score_display_settings       [   0.07424] Score is : 598
display  D   display_settings.c:212  debug_display_settings           [   0.07431] color: 32 (rgba 8880), depth: 24, stencil: 8, acc: 0000, samples: 3/1
display  D   display_settings.c:527  _al_score_display_settings       [   0.07438] Score is : 593
display  D   display_settings.c:212  debug_display_settings           [   0.07444] color: 32 (rgba 8880), depth: 24, stencil: 8, acc: 0000, samples: 4/1
display  D   display_settings.c:527  _al_score_display_settings       [   0.07451] Score is : 589
display  D   display_settings.c:212  debug_display_settings           [   0.07457] color: 32 (rgba 8880), depth: 24, stencil: 0, acc: 0000, samples: 0/0
display  D   display_settings.c:527  _al_score_display_settings       [   0.07464] Score is : 769
display  D   display_settings.c:212  debug_display_settings           [   0.07472] color: 32 (rgba 8880), depth: 24, stencil: 0, acc: 0000, samples: 0/0
display  D   display_settings.c:527  _al_score_display_settings       [   0.07479] Score is : 769
display  D   display_settings.c:212  debug_display_settings           [   0.07485] color: 32 (rgba 8880), depth: 24, stencil: 0, acc: 0000, samples: 2/1
display  D   display_settings.c:527  _al_score_display_settings       [   0.07492] Score is : 598
display  D   display_settings.c:212  debug_display_settings           [   0.07498] color: 32 (rgba 8880), depth: 24, stencil: 0, acc: 0000, samples: 3/1
display  D   display_settings.c:527  _al_score_display_settings       [   0.07505] Score is : 593
display  D   display_settings.c:212  debug_display_settings           [   0.07511] color: 32 (rgba 8880), depth: 24, stencil: 0, acc: 0000, samples: 4/1
display  D   display_settings.c:527  _al_score_display_settings       [   0.07518] Score is : 589
display  D   display_settings.c:212  debug_display_settings           [   0.07525] color: 32 (rgba 8880), depth: 16, stencil: 0, acc: 0000, samples: 0/0
display  D   display_settings.c:527  _al_score_display_settings       [   0.07533] Score is : 769
display  D   display_settings.c:212  debug_display_settings           [   0.07541] color: 32 (rgba 8880), depth: 16, stencil: 0, acc: 0000, samples: 0/0
display  D   display_settings.c:527  _al_score_display_settings       [   0.07550] Score is : 769
display  D   display_settings.c:212  debug_display_settings           [   0.07557] color: 32 (rgba 8880), depth: 16, stencil: 0, acc: 0000, samples: 2/1
display  D   display_settings.c:527  _al_score_display_settings       [   0.07565] Score is : 598
display  D   display_settings.c:212  debug_display_settings           [   0.07572] color: 32 (rgba 8880), depth: 16, stencil: 0, acc: 0000, samples: 3/1
display  D   display_settings.c:527  _al_score_display_settings       [   0.07580] Score is : 593
display  D   display_settings.c:212  debug_display_settings           [   0.07586] color: 32 (rgba 8880), depth: 16, stencil: 0, acc: 0000, samples: 4/1
display  D   display_settings.c:527  _al_score_display_settings       [   0.07594] Score is : 589
display  D   display_settings.c:212  debug_display_settings           [   0.07604] color: 16 (rgba 5650), depth: 0, stencil: 0, acc: 0000, samples: 0/0
display  D   display_settings.c:527  _al_score_display_settings       [   0.07611] Score is : 769
display  D   display_settings.c:212  debug_display_settings           [   0.07619] color: 16 (rgba 5650), depth: 0, stencil: 0, acc: 0000, samples: 0/0
display  D   display_settings.c:527  _al_score_display_settings       [   0.07627] Score is : 769
display  D   display_settings.c:212  debug_display_settings           [   0.07635] color: 16 (rgba 5650), depth: 0, stencil: 0, acc: 0000, samples: 2/1
display  D   display_settings.c:527  _al_score_display_settings       [   0.07642] Score is : 598
display  D   display_settings.c:212  debug_display_settings           [   0.07648] color: 16 (rgba 5650), depth: 0, stencil: 0, acc: 0000, samples: 3/1
display  D   display_settings.c:527  _al_score_display_settings       [   0.07654] Score is : 593
display  D   display_settings.c:212  debug_display_settings           [   0.07660] color: 16 (rgba 5650), depth: 0, stencil: 0, acc: 0000, samples: 4/1
display  D   display_settings.c:527  _al_score_display_settings       [   0.07668] Score is : 589
display  D   display_settings.c:212  debug_display_settings           [   0.07674] color: 16 (rgba 5650), depth: 24, stencil: 8, acc: 0000, samples: 0/0
display  D   display_settings.c:527  _al_score_display_settings       [   0.07681] Score is : 769
display  D   display_settings.c:212  debug_display_settings           [   0.07688] color: 16 (rgba 5650), depth: 24, stencil: 8, acc: 0000, samples: 0/0
display  D   display_settings.c:527  _al_score_display_settings       [   0.07696] Score is : 769
display  D   display_settings.c:212  debug_display_settings           [   0.07704] color: 16 (rgba 5650), depth: 24, stencil: 8, acc: 0000, samples: 2/1
display  D   display_settings.c:527  _al_score_display_settings       [   0.07712] Score is : 598
display  D   display_settings.c:212  debug_display_settings           [   0.07718] color: 16 (rgba 5650), depth: 24, stencil: 8, acc: 0000, samples: 3/1
display  D   display_settings.c:527  _al_score_display_settings       [   0.07724] Score is : 593
display  D   display_settings.c:212  debug_display_settings           [   0.07732] color: 16 (rgba 5650), depth: 24, stencil: 8, acc: 0000, samples: 4/1
display  D   display_settings.c:527  _al_score_display_settings       [   0.07739] Score is : 589
display  D   display_settings.c:212  debug_display_settings           [   0.07744] color: 16 (rgba 5650), depth: 24, stencil: 0, acc: 0000, samples: 0/0
display  D   display_settings.c:527  _al_score_display_settings       [   0.07750] Score is : 769
display  D   display_settings.c:212  debug_display_settings           [   0.07756] color: 16 (rgba 5650), depth: 24, stencil: 0, acc: 0000, samples: 0/0
display  D   display_settings.c:527  _al_score_display_settings       [   0.07763] Score is : 769
display  D   display_settings.c:212  debug_display_settings           [   0.07771] color: 16 (rgba 5650), depth: 24, stencil: 0, acc: 0000, samples: 2/1
display  D   display_settings.c:527  _al_score_display_settings       [   0.07779] Score is : 598
display  D   display_settings.c:212  debug_display_settings           [   0.07785] color: 16 (rgba 5650), depth: 24, stencil: 0, acc: 0000, samples: 3/1
display  D   display_settings.c:527  _al_score_display_settings       [   0.07792] Score is : 593
display  D   display_settings.c:212  debug_display_settings           [   0.07799] color: 16 (rgba 5650), depth: 24, stencil: 0, acc: 0000, samples: 4/1
display  D   display_settings.c:527  _al_score_display_settings       [   0.07807] Score is : 589
display  D   display_settings.c:212  debug_display_settings           [   0.07814] color: 16 (rgba 5650), depth: 16, stencil: 0, acc: 0000, samples: 0/0
display  D   display_settings.c:527  _al_score_display_settings       [   0.07821] Score is : 769
display  D   display_settings.c:212  debug_display_settings           [   0.07828] color: 16 (rgba 5650), depth: 16, stencil: 0, acc: 0000, samples: 0/0
display  D   display_settings.c:527  _al_score_display_settings       [   0.07835] Score is : 769
display  D   display_settings.c:212  debug_display_settings           [   0.07843] color: 16 (rgba 5650), depth: 16, stencil: 0, acc: 0000, samples: 2/1
display  D   display_settings.c:527  _al_score_display_settings       [   0.07851] Score is : 598
display  D   display_settings.c:212  debug_display_settings           [   0.07859] color: 16 (rgba 5650), depth: 16, stencil: 0, acc: 0000, samples: 3/1
display  D   display_settings.c:527  _al_score_display_settings       [   0.07866] Score is : 593
display  D   display_settings.c:212  debug_display_settings           [   0.07873] color: 16 (rgba 5650), depth: 16, stencil: 0, acc: 0000, samples: 4/1
display  D   display_settings.c:527  _al_score_display_settings       [   0.07886] Score is : 589
display  D   display_settings.c:212  debug_display_settings           [   0.07893] color: 32 (rgba 8880), depth: 0, stencil: 0, acc: 0000, samples: 0/0
display  D   display_settings.c:398  _al_score_display_settings       [   0.07901] Single Buffer requirement not met.
display  D   display_settings.c:212  debug_display_settings           [   0.07908] color: 32 (rgba 8880), depth: 0, stencil: 0, acc: 0000, samples: 0/0
display  D   display_settings.c:398  _al_score_display_settings       [   0.07916] Single Buffer requirement not met.
display  D   display_settings.c:212  debug_display_settings           [   0.07924] color: 32 (rgba 8880), depth: 0, stencil: 0, acc: 0000, samples: 2/1
display  D   display_settings.c:398  _al_score_display_settings       [   0.07931] Single Buffer requirement not met.
display  D   display_settings.c:212  debug_display_settings           [   0.07939] color: 32 (rgba 8880), depth: 0, stencil: 0, acc: 0000, samples: 3/1
display  D   display_settings.c:398  _al_score_display_settings       [   0.07946] Single Buffer requirement not met.
display  D   display_settings.c:212  debug_display_settings           [   0.07954] color: 32 (rgba 8880), depth: 0, stencil: 0, acc: 0000, samples: 4/1
display  D   display_settings.c:398  _al_score_display_settings       [   0.07962] Single Buffer requirement not met.
display  D   display_settings.c:212  debug_display_settings           [   0.07968] color: 32 (rgba 8880), depth: 24, stencil: 8, acc: 0000, samples: 0/0
display  D   display_settings.c:398  _al_score_display_settings       [   0.07974] Single Buffer requirement not met.
display  D   display_settings.c:212  debug_display_settings           [   0.07982] color: 32 (rgba 8880), depth: 24, stencil: 8, acc: 0000, samples: 0/0
display  D   display_settings.c:398  _al_score_display_settings       [   0.07989] Single Buffer requirement not met.
display  D   display_settings.c:212  debug_display_settings           [   0.07995] color: 32 (rgba 8880), depth: 24, stencil: 8, acc: 0000, samples: 2/1
display  D   display_settings.c:398  _al_score_display_settings       [   0.08002] Single Buffer requirement not met.
display  D   display_settings.c:212  debug_display_settings           [   0.08010] color: 32 (rgba 8880), depth: 24, stencil: 8, acc: 0000, samples: 3/1
display  D   display_settings.c:398  _al_score_display_settings       [   0.08017] Single Buffer requirement not met.
display  D   display_settings.c:212  debug_display_settings           [   0.08025] color: 32 (rgba 8880), depth: 24, stencil: 8, acc: 0000, samples: 4/1
display  D   display_settings.c:398  _al_score_display_settings       [   0.08033] Single Buffer requirement not met.
display  D   display_settings.c:212  debug_display_settings           [   0.08040] color: 32 (rgba 8880), depth: 24, stencil: 0, acc: 0000, samples: 0/0
display  D   display_settings.c:398  _al_score_display_settings       [   0.08048] Single Buffer requirement not met.
display  D   display_settings.c:212  debug_display_settings           [   0.08054] color: 32 (rgba 8880), depth: 24, stencil: 0, acc: 0000, samples: 0/0
display  D   display_settings.c:398  _al_score_display_settings       [   0.08062] Single Buffer requirement not met.
display  D   display_settings.c:212  debug_display_settings           [   0.08069] color: 32 (rgba 8880), depth: 24, stencil: 0, acc: 0000, samples: 2/1
display  D   display_settings.c:398  _al_score_display_settings       [   0.08076] Single Buffer requirement not met.
display  D   display_settings.c:212  debug_display_settings           [   0.08082] color: 32 (rgba 8880), depth: 24, stencil: 0, acc: 0000, samples: 3/1
display  D   display_settings.c:398  _al_score_display_settings       [   0.08088] Single Buffer requirement not met.
display  D   display_settings.c:212  debug_display_settings           [   0.08094] color: 32 (rgba 8880), depth: 24, stencil: 0, acc: 0000, samples: 4/1
display  D   display_settings.c:398  _al_score_display_settings       [   0.08101] Single Buffer requirement not met.
display  D   display_settings.c:212  debug_display_settings           [   0.08107] color: 32 (rgba 8880), depth: 16, stencil: 0, acc: 0000, samples: 0/0
display  D   display_settings.c:398  _al_score_display_settings       [   0.08113] Single Buffer requirement not met.
display  D   display_settings.c:212  debug_display_settings           [   0.08119] color: 32 (rgba 8880), depth: 16, stencil: 0, acc: 0000, samples: 0/0
display  D   display_settings.c:398  _al_score_display_settings       [   0.08125] Single Buffer requirement not met.
display  D   display_settings.c:212  debug_display_settings           [   0.08131] color: 32 (rgba 8880), depth: 16, stencil: 0, acc: 0000, samples: 2/1
display  D   display_settings.c:398  _al_score_display_settings       [   0.08136] Single Buffer requirement not met.
display  D   display_settings.c:212  debug_display_settings           [   0.08142] color: 32 (rgba 8880), depth: 16, stencil: 0, acc: 0000, samples: 3/1
display  D   display_settings.c:398  _al_score_display_settings       [   0.08148] Single Buffer requirement not met.
display  D   display_settings.c:212  debug_display_settings           [   0.08154] color: 32 (rgba 8880), depth: 16, stencil: 0, acc: 0000, samples: 4/1
display  D   display_settings.c:398  _al_score_display_settings       [   0.08161] Single Buffer requirement not met.
display  D   display_settings.c:212  debug_display_settings           [   0.08169] color: 16 (rgba 5650), depth: 0, stencil: 0, acc: 0000, samples: 0/0
display  D   display_settings.c:398  _al_score_display_settings       [   0.08176] Single Buffer requirement not met.
display  D   display_settings.c:212  debug_display_settings           [   0.08182] color: 16 (rgba 5650), depth: 0, stencil: 0, acc: 0000, samples: 0/0
display  D   display_settings.c:398  _al_score_display_settings       [   0.08190] Single Buffer requirement not met.
display  D   display_settings.c:212  debug_display_settings           [   0.08196] color: 16 (rgba 5650), depth: 0, stencil: 0, acc: 0000, samples: 2/1
display  D   display_settings.c:398  _al_score_display_settings       [   0.08204] Single Buffer requirement not met.
display  D   display_settings.c:212  debug_display_settings           [   0.08211] color: 16 (rgba 5650), depth: 0, stencil: 0, acc: 0000, samples: 3/1
display  D   display_settings.c:398  _al_score_display_settings       [   0.08219] Single Buffer requirement not met.
display  D   display_settings.c:212  debug_display_settings           [   0.08226] color: 16 (rgba 5650), depth: 0, stencil: 0, acc: 0000, samples: 4/1
display  D   display_settings.c:398  _al_score_display_settings       [   0.08232] Single Buffer requirement not met.
display  D   display_settings.c:212  debug_display_settings           [   0.08238] color: 16 (rgba 5650), depth: 24, stencil: 8, acc: 0000, samples: 0/0
display  D   display_settings.c:398  _al_score_display_settings       [   0.08244] Single Buffer requirement not met.
display  D   display_settings.c:212  debug_display_settings           [   0.08251] color: 16 (rgba 5650), depth: 24, stencil: 8, acc: 0000, samples: 0/0
display  D   display_settings.c:398  _al_score_display_settings       [   0.08258] Single Buffer requirement not met.
display  D   display_settings.c:212  debug_display_settings           [   0.08264] color: 16 (rgba 5650), depth: 24, stencil: 8, acc: 0000, samples: 2/1
display  D   display_settings.c:398  _al_score_display_settings       [   0.08270] Single Buffer requirement not met.
display  D   display_settings.c:212  debug_display_settings           [   0.08277] color: 16 (rgba 5650), depth: 24, stencil: 8, acc: 0000, samples: 3/1
display  D   display_settings.c:398  _al_score_display_settings       [   0.08282] Single Buffer requirement not met.
display  D   display_settings.c:212  debug_display_settings           [   0.08288] color: 16 (rgba 5650), depth: 24, stencil: 8, acc: 0000, samples: 4/1
display  D   display_settings.c:398  _al_score_display_settings       [   0.08296] Single Buffer requirement not met.
display  D   display_settings.c:212  debug_display_settings           [   0.08304] color: 16 (rgba 5650), depth: 24, stencil: 0, acc: 0000, samples: 0/0
display  D   display_settings.c:398  _al_score_display_settings       [   0.08310] Single Buffer requirement not met.
display  D   display_settings.c:212  debug_display_settings           [   0.08316] color: 16 (rgba 5650), depth: 24, stencil: 0, acc: 0000, samples: 0/0
display  D   display_settings.c:398  _al_score_display_settings       [   0.08324] Single Buffer requirement not met.
display  D   display_settings.c:212  debug_display_settings           [   0.08331] color: 16 (rgba 5650), depth: 24, stencil: 0, acc: 0000, samples: 2/1
display  D   display_settings.c:398  _al_score_display_settings       [   0.08339] Single Buffer requirement not met.
display  D   display_settings.c:212  debug_display_settings           [   0.08347] color: 16 (rgba 5650), depth: 24, stencil: 0, acc: 0000, samples: 3/1
display  D   display_settings.c:398  _al_score_display_settings       [   0.08355] Single Buffer requirement not met.
display  D   display_settings.c:212  debug_display_settings           [   0.08362] color: 16 (rgba 5650), depth: 24, stencil: 0, acc: 0000, samples: 4/1
display  D   display_settings.c:398  _al_score_display_settings       [   0.08370] Single Buffer requirement not met.
display  D   display_settings.c:212  debug_display_settings           [   0.08377] color: 16 (rgba 5650), depth: 16, stencil: 0, acc: 0000, samples: 0/0
display  D   display_settings.c:398  _al_score_display_settings       [   0.08383] Single Buffer requirement not met.
display  D   display_settings.c:212  debug_display_settings           [   0.08389] color: 16 (rgba 5650), depth: 16, stencil: 0, acc: 0000, samples: 0/0
display  D   display_settings.c:398  _al_score_display_settings       [   0.08395] Single Buffer requirement not met.
display  D   display_settings.c:212  debug_display_settings           [   0.08401] color: 16 (rgba 5650), depth: 16, stencil: 0, acc: 0000, samples: 2/1
display  D   display_settings.c:398  _al_score_display_settings       [   0.08408] Single Buffer requirement not met.
display  D   display_settings.c:212  debug_display_settings           [   0.08416] color: 16 (rgba 5650), depth: 16, stencil: 0, acc: 0000, samples: 3/1
display  D   display_settings.c:398  _al_score_display_settings       [   0.08423] Single Buffer requirement not met.
display  D   display_settings.c:212  debug_display_settings           [   0.08430] color: 16 (rgba 5650), depth: 16, stencil: 0, acc: 0000, samples: 4/1
display  D   display_settings.c:398  _al_score_display_settings       [   0.08437] Single Buffer requirement not met.
d3d      D         d3d_disp.cpp:1678 d3d_create_display_internals     [   0.08447] Trying format 0.
d3d      I         d3d_disp.cpp:1354 d3d_display_thread_proc          [   0.08514] Chose a display format: 23
d3d      I         d3d_disp.cpp:1423 d3d_display_thread_proc          [   0.08522] Normal window.
d3d      I         d3d_disp.cpp:791  d3d_create_device                [   0.11163] Using no depth stencil buffer
d3d      D         d3d_disp.cpp:849  d3d_create_device                [   0.18100] BeginScene succeeded in create_device
d3d      D         d3d_disp.cpp:857  d3d_create_device                [   0.18112] Success
d3d      D         d3d_disp.cpp:1701 d3d_create_display_internals     [   0.18122] Resumed after wait.
d3d      I         d3d_disp.cpp:1734 d3d_create_display_internals     [   0.18134] Format 0 succeeded.
d3d      D         d3d_disp.cpp:1765 d3d_create_display_internals     [   0.18145] Returning d3d_display: 00FBE7C0
d3d      D         d3d_disp.cpp:1790 d3d_create_display_locked        [   0.18154] al_display=00FBE7C0
d3d      D         d3d_disp.cpp:1791 d3d_create_display_locked        [   0.18160] al_display->vt=00FBE6E0
dtor     D               dtor.c:196  _al_register_destructor          [   0.18180] added dtor for timer 03C3BEC0, func 7A96195B
dtor     D               dtor.c:196  _al_register_destructor          [   0.18189] added dtor for queue 03C57A28, func 7A9616FE
