stdio    D         file_stdio.c:110  file_stdio_fopen                 [   0.00000] opening C:\Users\agust\source\repos\GullinoAgus\TP2EDA\Debug\allegro5.cfg r
system   D            wsystem.c:799  maybe_parent_dir                 [   0.00000] Also searching C:\Users\agust\source\repos\GullinoAgus\TP2EDA\
system   D            wsystem.c:854  _al_win_safe_load_library        [   0.00000] PathFindOnPath found: C:\WINDOWS\system32\shcore.dll
system   D            wsystem.c:760  load_library_at_path             [   0.00000] Calling LoadLibrary C:\WINDOWS\system32\shcore.dll
system   I            wsystem.c:763  load_library_at_path             [   0.00000] Loaded C:\WINDOWS\system32\shcore.dll
system   I             system.c:267  al_install_system                [   0.00000] Allegro version: 5.2.6
system   D            wsystem.c:799  maybe_parent_dir                 [   0.00265] Also searching C:\Users\agust\source\repos\GullinoAgus\TP2EDA\
system   D            wsystem.c:854  _al_win_safe_load_library        [   0.00289] PathFindOnPath found: C:\WINDOWS\system32\d3d9.dll
system   D            wsystem.c:760  load_library_at_path             [   0.00297] Calling LoadLibrary C:\WINDOWS\system32\d3d9.dll
system   I            wsystem.c:763  load_library_at_path             [   0.01217] Loaded C:\WINDOWS\system32\d3d9.dll
d3d      I         d3d_disp.cpp:684  d3d_init_display                 [   0.05508] Render-to-texture: 1
d3d      I         d3d_disp.cpp:1778 d3d_create_display_locked        [   0.05608] faux_fullscreen=0
d3d      D         d3d_disp.cpp:1779 d3d_create_display_locked        [   0.05620] al_display=02B6EBD0
d3d      D         d3d_disp.cpp:1780 d3d_create_display_locked        [   0.05626] al_display->vt=00A6C9C8
d3d      I d3d_display_formats.cpp:144  _al_d3d_generate_display_format_list [   0.07431] found 160 format combinations
display  D   display_settings.c:212  debug_display_settings           [   0.07445] color: 32 (rgba 8880), depth: 0, stencil: 0, acc: 0000, samples: 0/0
display  D   display_settings.c:527  _al_score_display_settings       [   0.07454] Score is : 897
display  D   display_settings.c:212  debug_display_settings           [   0.07460] color: 32 (rgba 8880), depth: 0, stencil: 0, acc: 0000, samples: 0/0
display  D   display_settings.c:527  _al_score_display_settings       [   0.07470] Score is : 897
display  D   display_settings.c:212  debug_display_settings           [   0.07477] color: 32 (rgba 8880), depth: 0, stencil: 0, acc: 0000, samples: 2/1
display  D   display_settings.c:527  _al_score_display_settings       [   0.07484] Score is : 726
display  D   display_settings.c:212  debug_display_settings           [   0.07490] color: 32 (rgba 8880), depth: 0, stencil: 0, acc: 0000, samples: 3/1
display  D   display_settings.c:527  _al_score_display_settings       [   0.07496] Score is : 721
display  D   display_settings.c:212  debug_display_settings           [   0.07501] color: 32 (rgba 8880), depth: 0, stencil: 0, acc: 0000, samples: 4/1
display  D   display_settings.c:527  _al_score_display_settings       [   0.07506] Score is : 717
display  D   display_settings.c:212  debug_display_settings           [   0.07511] color: 32 (rgba 8880), depth: 24, stencil: 8, acc: 0000, samples: 0/0
display  D   display_settings.c:527  _al_score_display_settings       [   0.07516] Score is : 897
display  D   display_settings.c:212  debug_display_settings           [   0.07521] color: 32 (rgba 8880), depth: 24, stencil: 8, acc: 0000, samples: 0/0
display  D   display_settings.c:527  _al_score_display_settings       [   0.07527] Score is : 897
display  D   display_settings.c:212  debug_display_settings           [   0.07532] color: 32 (rgba 8880), depth: 24, stencil: 8, acc: 0000, samples: 2/1
display  D   display_settings.c:527  _al_score_display_settings       [   0.07537] Score is : 726
display  D   display_settings.c:212  debug_display_settings           [   0.07542] color: 32 (rgba 8880), depth: 24, stencil: 8, acc: 0000, samples: 3/1
display  D   display_settings.c:527  _al_score_display_settings       [   0.07547] Score is : 721
display  D   display_settings.c:212  debug_display_settings           [   0.07557] color: 32 (rgba 8880), depth: 24, stencil: 8, acc: 0000, samples: 4/1
display  D   display_settings.c:527  _al_score_display_settings       [   0.07565] Score is : 717
display  D   display_settings.c:212  debug_display_settings           [   0.07572] color: 32 (rgba 8880), depth: 24, stencil: 0, acc: 0000, samples: 0/0
display  D   display_settings.c:527  _al_score_display_settings       [   0.07577] Score is : 897
display  D   display_settings.c:212  debug_display_settings           [   0.07583] color: 32 (rgba 8880), depth: 24, stencil: 0, acc: 0000, samples: 0/0
display  D   display_settings.c:527  _al_score_display_settings       [   0.07588] Score is : 897
display  D   display_settings.c:212  debug_display_settings           [   0.07594] color: 32 (rgba 8880), depth: 24, stencil: 0, acc: 0000, samples: 2/1
display  D   display_settings.c:527  _al_score_display_settings       [   0.07600] Score is : 726
display  D   display_settings.c:212  debug_display_settings           [   0.07607] color: 32 (rgba 8880), depth: 24, stencil: 0, acc: 0000, samples: 3/1
display  D   display_settings.c:527  _al_score_display_settings       [   0.07612] Score is : 721
display  D   display_settings.c:212  debug_display_settings           [   0.07618] color: 32 (rgba 8880), depth: 24, stencil: 0, acc: 0000, samples: 4/1
display  D   display_settings.c:527  _al_score_display_settings       [   0.07623] Score is : 717
display  D   display_settings.c:212  debug_display_settings           [   0.07628] color: 32 (rgba 8880), depth: 16, stencil: 0, acc: 0000, samples: 0/0
display  D   display_settings.c:527  _al_score_display_settings       [   0.07634] Score is : 897
display  D   display_settings.c:212  debug_display_settings           [   0.07639] color: 32 (rgba 8880), depth: 16, stencil: 0, acc: 0000, samples: 0/0
display  D   display_settings.c:527  _al_score_display_settings       [   0.07645] Score is : 897
display  D   display_settings.c:212  debug_display_settings           [   0.07650] color: 32 (rgba 8880), depth: 16, stencil: 0, acc: 0000, samples: 2/1
display  D   display_settings.c:527  _al_score_display_settings       [   0.07656] Score is : 726
display  D   display_settings.c:212  debug_display_settings           [   0.07661] color: 32 (rgba 8880), depth: 16, stencil: 0, acc: 0000, samples: 3/1
display  D   display_settings.c:527  _al_score_display_settings       [   0.07666] Score is : 721
display  D   display_settings.c:212  debug_display_settings           [   0.07671] color: 32 (rgba 8880), depth: 16, stencil: 0, acc: 0000, samples: 4/1
display  D   display_settings.c:527  _al_score_display_settings       [   0.07677] Score is : 717
display  D   display_settings.c:212  debug_display_settings           [   0.07682] color: 16 (rgba 5650), depth: 0, stencil: 0, acc: 0000, samples: 0/0
display  D   display_settings.c:527  _al_score_display_settings       [   0.07688] Score is : 897
display  D   display_settings.c:212  debug_display_settings           [   0.07694] color: 16 (rgba 5650), depth: 0, stencil: 0, acc: 0000, samples: 0/0
display  D   display_settings.c:527  _al_score_display_settings       [   0.07700] Score is : 897
display  D   display_settings.c:212  debug_display_settings           [   0.07706] color: 16 (rgba 5650), depth: 0, stencil: 0, acc: 0000, samples: 2/1
display  D   display_settings.c:527  _al_score_display_settings       [   0.07711] Score is : 726
display  D   display_settings.c:212  debug_display_settings           [   0.07716] color: 16 (rgba 5650), depth: 0, stencil: 0, acc: 0000, samples: 3/1
display  D   display_settings.c:527  _al_score_display_settings       [   0.07722] Score is : 721
display  D   display_settings.c:212  debug_display_settings           [   0.07727] color: 16 (rgba 5650), depth: 0, stencil: 0, acc: 0000, samples: 4/1
display  D   display_settings.c:527  _al_score_display_settings       [   0.07732] Score is : 717
display  D   display_settings.c:212  debug_display_settings           [   0.07738] color: 16 (rgba 5650), depth: 24, stencil: 8, acc: 0000, samples: 0/0
display  D   display_settings.c:527  _al_score_display_settings       [   0.07743] Score is : 897
display  D   display_settings.c:212  debug_display_settings           [   0.07749] color: 16 (rgba 5650), depth: 24, stencil: 8, acc: 0000, samples: 0/0
display  D   display_settings.c:527  _al_score_display_settings       [   0.07754] Score is : 897
display  D   display_settings.c:212  debug_display_settings           [   0.07759] color: 16 (rgba 5650), depth: 24, stencil: 8, acc: 0000, samples: 2/1
display  D   display_settings.c:527  _al_score_display_settings       [   0.07765] Score is : 726
display  D   display_settings.c:212  debug_display_settings           [   0.07770] color: 16 (rgba 5650), depth: 24, stencil: 8, acc: 0000, samples: 3/1
display  D   display_settings.c:527  _al_score_display_settings       [   0.07776] Score is : 721
display  D   display_settings.c:212  debug_display_settings           [   0.07781] color: 16 (rgba 5650), depth: 24, stencil: 8, acc: 0000, samples: 4/1
display  D   display_settings.c:527  _al_score_display_settings       [   0.07786] Score is : 717
display  D   display_settings.c:212  debug_display_settings           [   0.07792] color: 16 (rgba 5650), depth: 24, stencil: 0, acc: 0000, samples: 0/0
display  D   display_settings.c:527  _al_score_display_settings       [   0.07797] Score is : 897
display  D   display_settings.c:212  debug_display_settings           [   0.07802] color: 16 (rgba 5650), depth: 24, stencil: 0, acc: 0000, samples: 0/0
display  D   display_settings.c:527  _al_score_display_settings       [   0.07808] Score is : 897
display  D   display_settings.c:212  debug_display_settings           [   0.07814] color: 16 (rgba 5650), depth: 24, stencil: 0, acc: 0000, samples: 2/1
display  D   display_settings.c:527  _al_score_display_settings       [   0.07820] Score is : 726
display  D   display_settings.c:212  debug_display_settings           [   0.07825] color: 16 (rgba 5650), depth: 24, stencil: 0, acc: 0000, samples: 3/1
display  D   display_settings.c:527  _al_score_display_settings       [   0.07831] Score is : 721
display  D   display_settings.c:212  debug_display_settings           [   0.07836] color: 16 (rgba 5650), depth: 24, stencil: 0, acc: 0000, samples: 4/1
display  D   display_settings.c:527  _al_score_display_settings       [   0.07842] Score is : 717
display  D   display_settings.c:212  debug_display_settings           [   0.07847] color: 16 (rgba 5650), depth: 16, stencil: 0, acc: 0000, samples: 0/0
display  D   display_settings.c:527  _al_score_display_settings       [   0.07852] Score is : 897
display  D   display_settings.c:212  debug_display_settings           [   0.07858] color: 16 (rgba 5650), depth: 16, stencil: 0, acc: 0000, samples: 0/0
display  D   display_settings.c:527  _al_score_display_settings       [   0.07863] Score is : 897
display  D   display_settings.c:212  debug_display_settings           [   0.07869] color: 16 (rgba 5650), depth: 16, stencil: 0, acc: 0000, samples: 2/1
display  D   display_settings.c:527  _al_score_display_settings       [   0.07874] Score is : 726
display  D   display_settings.c:212  debug_display_settings           [   0.07879] color: 16 (rgba 5650), depth: 16, stencil: 0, acc: 0000, samples: 3/1
display  D   display_settings.c:527  _al_score_display_settings       [   0.07885] Score is : 721
display  D   display_settings.c:212  debug_display_settings           [   0.07890] color: 16 (rgba 5650), depth: 16, stencil: 0, acc: 0000, samples: 4/1
display  D   display_settings.c:527  _al_score_display_settings       [   0.07895] Score is : 717
display  D   display_settings.c:212  debug_display_settings           [   0.07900] color: 32 (rgba 8880), depth: 0, stencil: 0, acc: 0000, samples: 0/0
display  D   display_settings.c:398  _al_score_display_settings       [   0.07906] Single Buffer requirement not met.
display  D   display_settings.c:212  debug_display_settings           [   0.07911] color: 32 (rgba 8880), depth: 0, stencil: 0, acc: 0000, samples: 0/0
display  D   display_settings.c:398  _al_score_display_settings       [   0.07917] Single Buffer requirement not met.
display  D   display_settings.c:212  debug_display_settings           [   0.07922] color: 32 (rgba 8880), depth: 0, stencil: 0, acc: 0000, samples: 2/1
display  D   display_settings.c:398  _al_score_display_settings       [   0.07930] Single Buffer requirement not met.
display  D   display_settings.c:212  debug_display_settings           [   0.07937] color: 32 (rgba 8880), depth: 0, stencil: 0, acc: 0000, samples: 3/1
display  D   display_settings.c:398  _al_score_display_settings       [   0.07943] Single Buffer requirement not met.
display  D   display_settings.c:212  debug_display_settings           [   0.07948] color: 32 (rgba 8880), depth: 0, stencil: 0, acc: 0000, samples: 4/1
display  D   display_settings.c:398  _al_score_display_settings       [   0.07954] Single Buffer requirement not met.
display  D   display_settings.c:212  debug_display_settings           [   0.07959] color: 32 (rgba 8880), depth: 24, stencil: 8, acc: 0000, samples: 0/0
display  D   display_settings.c:398  _al_score_display_settings       [   0.07964] Single Buffer requirement not met.
display  D   display_settings.c:212  debug_display_settings           [   0.07969] color: 32 (rgba 8880), depth: 24, stencil: 8, acc: 0000, samples: 0/0
display  D   display_settings.c:398  _al_score_display_settings       [   0.07974] Single Buffer requirement not met.
display  D   display_settings.c:212  debug_display_settings           [   0.07980] color: 32 (rgba 8880), depth: 24, stencil: 8, acc: 0000, samples: 2/1
display  D   display_settings.c:398  _al_score_display_settings       [   0.07987] Single Buffer requirement not met.
display  D   display_settings.c:212  debug_display_settings           [   0.07992] color: 32 (rgba 8880), depth: 24, stencil: 8, acc: 0000, samples: 3/1
display  D   display_settings.c:398  _al_score_display_settings       [   0.07997] Single Buffer requirement not met.
display  D   display_settings.c:212  debug_display_settings           [   0.08004] color: 32 (rgba 8880), depth: 24, stencil: 8, acc: 0000, samples: 4/1
display  D   display_settings.c:398  _al_score_display_settings       [   0.08010] Single Buffer requirement not met.
display  D   display_settings.c:212  debug_display_settings           [   0.08017] color: 32 (rgba 8880), depth: 24, stencil: 0, acc: 0000, samples: 0/0
display  D   display_settings.c:398  _al_score_display_settings       [   0.08025] Single Buffer requirement not met.
display  D   display_settings.c:212  debug_display_settings           [   0.08032] color: 32 (rgba 8880), depth: 24, stencil: 0, acc: 0000, samples: 0/0
display  D   display_settings.c:398  _al_score_display_settings       [   0.08038] Single Buffer requirement not met.
display  D   display_settings.c:212  debug_display_settings           [   0.08043] color: 32 (rgba 8880), depth: 24, stencil: 0, acc: 0000, samples: 2/1
display  D   display_settings.c:398  _al_score_display_settings       [   0.08050] Single Buffer requirement not met.
display  D   display_settings.c:212  debug_display_settings           [   0.08057] color: 32 (rgba 8880), depth: 24, stencil: 0, acc: 0000, samples: 3/1
display  D   display_settings.c:398  _al_score_display_settings       [   0.08062] Single Buffer requirement not met.
display  D   display_settings.c:212  debug_display_settings           [   0.08068] color: 32 (rgba 8880), depth: 24, stencil: 0, acc: 0000, samples: 4/1
display  D   display_settings.c:398  _al_score_display_settings       [   0.08073] Single Buffer requirement not met.
display  D   display_settings.c:212  debug_display_settings           [   0.08078] color: 32 (rgba 8880), depth: 16, stencil: 0, acc: 0000, samples: 0/0
display  D   display_settings.c:398  _al_score_display_settings       [   0.08084] Single Buffer requirement not met.
display  D   display_settings.c:212  debug_display_settings           [   0.08089] color: 32 (rgba 8880), depth: 16, stencil: 0, acc: 0000, samples: 0/0
display  D   display_settings.c:398  _al_score_display_settings       [   0.08099] Single Buffer requirement not met.
display  D   display_settings.c:212  debug_display_settings           [   0.08108] color: 32 (rgba 8880), depth: 16, stencil: 0, acc: 0000, samples: 2/1
display  D   display_settings.c:398  _al_score_display_settings       [   0.08120] Single Buffer requirement not met.
display  D   display_settings.c:212  debug_display_settings           [   0.08129] color: 32 (rgba 8880), depth: 16, stencil: 0, acc: 0000, samples: 3/1
display  D   display_settings.c:398  _al_score_display_settings       [   0.08140] Single Buffer requirement not met.
display  D   display_settings.c:212  debug_display_settings           [   0.08147] color: 32 (rgba 8880), depth: 16, stencil: 0, acc: 0000, samples: 4/1
display  D   display_settings.c:398  _al_score_display_settings       [   0.08155] Single Buffer requirement not met.
display  D   display_settings.c:212  debug_display_settings           [   0.08161] color: 16 (rgba 5650), depth: 0, stencil: 0, acc: 0000, samples: 0/0
display  D   display_settings.c:398  _al_score_display_settings       [   0.08168] Single Buffer requirement not met.
display  D   display_settings.c:212  debug_display_settings           [   0.08176] color: 16 (rgba 5650), depth: 0, stencil: 0, acc: 0000, samples: 0/0
display  D   display_settings.c:398  _al_score_display_settings       [   0.08184] Single Buffer requirement not met.
display  D   display_settings.c:212  debug_display_settings           [   0.08191] color: 16 (rgba 5650), depth: 0, stencil: 0, acc: 0000, samples: 2/1
display  D   display_settings.c:398  _al_score_display_settings       [   0.08200] Single Buffer requirement not met.
display  D   display_settings.c:212  debug_display_settings           [   0.08208] color: 16 (rgba 5650), depth: 0, stencil: 0, acc: 0000, samples: 3/1
display  D   display_settings.c:398  _al_score_display_settings       [   0.08216] Single Buffer requirement not met.
display  D   display_settings.c:212  debug_display_settings           [   0.08224] color: 16 (rgba 5650), depth: 0, stencil: 0, acc: 0000, samples: 4/1
display  D   display_settings.c:398  _al_score_display_settings       [   0.08238] Single Buffer requirement not met.
display  D   display_settings.c:212  debug_display_settings           [   0.08245] color: 16 (rgba 5650), depth: 24, stencil: 8, acc: 0000, samples: 0/0
display  D   display_settings.c:398  _al_score_display_settings       [   0.08260] Single Buffer requirement not met.
display  D   display_settings.c:212  debug_display_settings           [   0.08267] color: 16 (rgba 5650), depth: 24, stencil: 8, acc: 0000, samples: 0/0
display  D   display_settings.c:398  _al_score_display_settings       [   0.08281] Single Buffer requirement not met.
display  D   display_settings.c:212  debug_display_settings           [   0.08287] color: 16 (rgba 5650), depth: 24, stencil: 8, acc: 0000, samples: 2/1
display  D   display_settings.c:398  _al_score_display_settings       [   0.08294] Single Buffer requirement not met.
display  D   display_settings.c:212  debug_display_settings           [   0.08301] color: 16 (rgba 5650), depth: 24, stencil: 8, acc: 0000, samples: 3/1
display  D   display_settings.c:398  _al_score_display_settings       [   0.08308] Single Buffer requirement not met.
display  D   display_settings.c:212  debug_display_settings           [   0.08316] color: 16 (rgba 5650), depth: 24, stencil: 8, acc: 0000, samples: 4/1
display  D   display_settings.c:398  _al_score_display_settings       [   0.08325] Single Buffer requirement not met.
display  D   display_settings.c:212  debug_display_settings           [   0.08333] color: 16 (rgba 5650), depth: 24, stencil: 0, acc: 0000, samples: 0/0
display  D   display_settings.c:398  _al_score_display_settings       [   0.08341] Single Buffer requirement not met.
display  D   display_settings.c:212  debug_display_settings           [   0.08349] color: 16 (rgba 5650), depth: 24, stencil: 0, acc: 0000, samples: 0/0
display  D   display_settings.c:398  _al_score_display_settings       [   0.08357] Single Buffer requirement not met.
display  D   display_settings.c:212  debug_display_settings           [   0.08364] color: 16 (rgba 5650), depth: 24, stencil: 0, acc: 0000, samples: 2/1
display  D   display_settings.c:398  _al_score_display_settings       [   0.08372] Single Buffer requirement not met.
display  D   display_settings.c:212  debug_display_settings           [   0.08379] color: 16 (rgba 5650), depth: 24, stencil: 0, acc: 0000, samples: 3/1
display  D   display_settings.c:398  _al_score_display_settings       [   0.08385] Single Buffer requirement not met.
display  D   display_settings.c:212  debug_display_settings           [   0.08393] color: 16 (rgba 5650), depth: 24, stencil: 0, acc: 0000, samples: 4/1
display  D   display_settings.c:398  _al_score_display_settings       [   0.08401] Single Buffer requirement not met.
display  D   display_settings.c:212  debug_display_settings           [   0.08408] color: 16 (rgba 5650), depth: 16, stencil: 0, acc: 0000, samples: 0/0
display  D   display_settings.c:398  _al_score_display_settings       [   0.08415] Single Buffer requirement not met.
display  D   display_settings.c:212  debug_display_settings           [   0.08421] color: 16 (rgba 5650), depth: 16, stencil: 0, acc: 0000, samples: 0/0
display  D   display_settings.c:398  _al_score_display_settings       [   0.08427] Single Buffer requirement not met.
display  D   display_settings.c:212  debug_display_settings           [   0.08432] color: 16 (rgba 5650), depth: 16, stencil: 0, acc: 0000, samples: 2/1
display  D   display_settings.c:398  _al_score_display_settings       [   0.08438] Single Buffer requirement not met.
display  D   display_settings.c:212  debug_display_settings           [   0.08444] color: 16 (rgba 5650), depth: 16, stencil: 0, acc: 0000, samples: 3/1
display  D   display_settings.c:398  _al_score_display_settings       [   0.08450] Single Buffer requirement not met.
display  D   display_settings.c:212  debug_display_settings           [   0.08466] color: 16 (rgba 5650), depth: 16, stencil: 0, acc: 0000, samples: 4/1
display  D   display_settings.c:398  _al_score_display_settings       [   0.08473] Single Buffer requirement not met.
display  D   display_settings.c:212  debug_display_settings           [   0.08481] color: 32 (rgba 8880), depth: 0, stencil: 0, acc: 0000, samples: 0/0
display  D   display_settings.c:527  _al_score_display_settings       [   0.08490] Score is : 769
display  D   display_settings.c:212  debug_display_settings           [   0.08497] color: 32 (rgba 8880), depth: 0, stencil: 0, acc: 0000, samples: 0/0
display  D   display_settings.c:527  _al_score_display_settings       [   0.08504] Score is : 769
display  D   display_settings.c:212  debug_display_settings           [   0.08509] color: 32 (rgba 8880), depth: 0, stencil: 0, acc: 0000, samples: 2/1
display  D   display_settings.c:527  _al_score_display_settings       [   0.08524] Score is : 598
display  D   display_settings.c:212  debug_display_settings           [   0.08531] color: 32 (rgba 8880), depth: 0, stencil: 0, acc: 0000, samples: 3/1
display  D   display_settings.c:527  _al_score_display_settings       [   0.08538] Score is : 593
display  D   display_settings.c:212  debug_display_settings           [   0.08550] color: 32 (rgba 8880), depth: 0, stencil: 0, acc: 0000, samples: 4/1
display  D   display_settings.c:527  _al_score_display_settings       [   0.08556] Score is : 589
display  D   display_settings.c:212  debug_display_settings           [   0.08561] color: 32 (rgba 8880), depth: 24, stencil: 8, acc: 0000, samples: 0/0
display  D   display_settings.c:527  _al_score_display_settings       [   0.08567] Score is : 769
display  D   display_settings.c:212  debug_display_settings           [   0.08573] color: 32 (rgba 8880), depth: 24, stencil: 8, acc: 0000, samples: 0/0
display  D   display_settings.c:527  _al_score_display_settings       [   0.08580] Score is : 769
display  D   display_settings.c:212  debug_display_settings           [   0.08586] color: 32 (rgba 8880), depth: 24, stencil: 8, acc: 0000, samples: 2/1
display  D   display_settings.c:527  _al_score_display_settings       [   0.08592] Score is : 598
display  D   display_settings.c:212  debug_display_settings           [   0.08598] color: 32 (rgba 8880), depth: 24, stencil: 8, acc: 0000, samples: 3/1
display  D   display_settings.c:527  _al_score_display_settings       [   0.08606] Score is : 593
display  D   display_settings.c:212  debug_display_settings           [   0.08614] color: 32 (rgba 8880), depth: 24, stencil: 8, acc: 0000, samples: 4/1
display  D   display_settings.c:527  _al_score_display_settings       [   0.08621] Score is : 589
display  D   display_settings.c:212  debug_display_settings           [   0.08626] color: 32 (rgba 8880), depth: 24, stencil: 0, acc: 0000, samples: 0/0
display  D   display_settings.c:527  _al_score_display_settings       [   0.08633] Score is : 769
display  D   display_settings.c:212  debug_display_settings           [   0.08640] color: 32 (rgba 8880), depth: 24, stencil: 0, acc: 0000, samples: 0/0
display  D   display_settings.c:527  _al_score_display_settings       [   0.08648] Score is : 769
display  D   display_settings.c:212  debug_display_settings           [   0.08655] color: 32 (rgba 8880), depth: 24, stencil: 0, acc: 0000, samples: 2/1
display  D   display_settings.c:527  _al_score_display_settings       [   0.08662] Score is : 598
display  D   display_settings.c:212  debug_display_settings           [   0.08670] color: 32 (rgba 8880), depth: 24, stencil: 0, acc: 0000, samples: 3/1
display  D   display_settings.c:527  _al_score_display_settings       [   0.08679] Score is : 593
display  D   display_settings.c:212  debug_display_settings           [   0.08686] color: 32 (rgba 8880), depth: 24, stencil: 0, acc: 0000, samples: 4/1
display  D   display_settings.c:527  _al_score_display_settings       [   0.08693] Score is : 589
display  D   display_settings.c:212  debug_display_settings           [   0.08701] color: 32 (rgba 8880), depth: 16, stencil: 0, acc: 0000, samples: 0/0
display  D   display_settings.c:527  _al_score_display_settings       [   0.08709] Score is : 769
display  D   display_settings.c:212  debug_display_settings           [   0.08715] color: 32 (rgba 8880), depth: 16, stencil: 0, acc: 0000, samples: 0/0
display  D   display_settings.c:527  _al_score_display_settings       [   0.08723] Score is : 769
display  D   display_settings.c:212  debug_display_settings           [   0.08730] color: 32 (rgba 8880), depth: 16, stencil: 0, acc: 0000, samples: 2/1
display  D   display_settings.c:527  _al_score_display_settings       [   0.08738] Score is : 598
display  D   display_settings.c:212  debug_display_settings           [   0.08745] color: 32 (rgba 8880), depth: 16, stencil: 0, acc: 0000, samples: 3/1
display  D   display_settings.c:527  _al_score_display_settings       [   0.08754] Score is : 593
display  D   display_settings.c:212  debug_display_settings           [   0.08760] color: 32 (rgba 8880), depth: 16, stencil: 0, acc: 0000, samples: 4/1
display  D   display_settings.c:527  _al_score_display_settings       [   0.08767] Score is : 589
display  D   display_settings.c:212  debug_display_settings           [   0.08775] color: 16 (rgba 5650), depth: 0, stencil: 0, acc: 0000, samples: 0/0
display  D   display_settings.c:527  _al_score_display_settings       [   0.08783] Score is : 769
display  D   display_settings.c:212  debug_display_settings           [   0.08791] color: 16 (rgba 5650), depth: 0, stencil: 0, acc: 0000, samples: 0/0
display  D   display_settings.c:527  _al_score_display_settings       [   0.08799] Score is : 769
display  D   display_settings.c:212  debug_display_settings           [   0.08807] color: 16 (rgba 5650), depth: 0, stencil: 0, acc: 0000, samples: 2/1
display  D   display_settings.c:527  _al_score_display_settings       [   0.08814] Score is : 598
display  D   display_settings.c:212  debug_display_settings           [   0.08822] color: 16 (rgba 5650), depth: 0, stencil: 0, acc: 0000, samples: 3/1
display  D   display_settings.c:527  _al_score_display_settings       [   0.08830] Score is : 593
display  D   display_settings.c:212  debug_display_settings           [   0.08839] color: 16 (rgba 5650), depth: 0, stencil: 0, acc: 0000, samples: 4/1
display  D   display_settings.c:527  _al_score_display_settings       [   0.08847] Score is : 589
display  D   display_settings.c:212  debug_display_settings           [   0.08853] color: 16 (rgba 5650), depth: 24, stencil: 8, acc: 0000, samples: 0/0
display  D   display_settings.c:527  _al_score_display_settings       [   0.08860] Score is : 769
display  D   display_settings.c:212  debug_display_settings           [   0.08868] color: 16 (rgba 5650), depth: 24, stencil: 8, acc: 0000, samples: 0/0
display  D   display_settings.c:527  _al_score_display_settings       [   0.08875] Score is : 769
display  D   display_settings.c:212  debug_display_settings           [   0.08882] color: 16 (rgba 5650), depth: 24, stencil: 8, acc: 0000, samples: 2/1
display  D   display_settings.c:527  _al_score_display_settings       [   0.08889] Score is : 598
display  D   display_settings.c:212  debug_display_settings           [   0.08897] color: 16 (rgba 5650), depth: 24, stencil: 8, acc: 0000, samples: 3/1
display  D   display_settings.c:527  _al_score_display_settings       [   0.08906] Score is : 593
display  D   display_settings.c:212  debug_display_settings           [   0.08913] color: 16 (rgba 5650), depth: 24, stencil: 8, acc: 0000, samples: 4/1
display  D   display_settings.c:527  _al_score_display_settings       [   0.08921] Score is : 589
display  D   display_settings.c:212  debug_display_settings           [   0.08929] color: 16 (rgba 5650), depth: 24, stencil: 0, acc: 0000, samples: 0/0
display  D   display_settings.c:527  _al_score_display_settings       [   0.08937] Score is : 769
display  D   display_settings.c:212  debug_display_settings           [   0.08944] color: 16 (rgba 5650), depth: 24, stencil: 0, acc: 0000, samples: 0/0
display  D   display_settings.c:527  _al_score_display_settings       [   0.08950] Score is : 769
display  D   display_settings.c:212  debug_display_settings           [   0.08958] color: 16 (rgba 5650), depth: 24, stencil: 0, acc: 0000, samples: 2/1
display  D   display_settings.c:527  _al_score_display_settings       [   0.08965] Score is : 598
display  D   display_settings.c:212  debug_display_settings           [   0.08971] color: 16 (rgba 5650), depth: 24, stencil: 0, acc: 0000, samples: 3/1
display  D   display_settings.c:527  _al_score_display_settings       [   0.08979] Score is : 593
display  D   display_settings.c:212  debug_display_settings           [   0.08986] color: 16 (rgba 5650), depth: 24, stencil: 0, acc: 0000, samples: 4/1
display  D   display_settings.c:527  _al_score_display_settings       [   0.08994] Score is : 589
display  D   display_settings.c:212  debug_display_settings           [   0.08999] color: 16 (rgba 5650), depth: 16, stencil: 0, acc: 0000, samples: 0/0
display  D   display_settings.c:527  _al_score_display_settings       [   0.09005] Score is : 769
display  D   display_settings.c:212  debug_display_settings           [   0.09010] color: 16 (rgba 5650), depth: 16, stencil: 0, acc: 0000, samples: 0/0
display  D   display_settings.c:527  _al_score_display_settings       [   0.09016] Score is : 769
display  D   display_settings.c:212  debug_display_settings           [   0.09021] color: 16 (rgba 5650), depth: 16, stencil: 0, acc: 0000, samples: 2/1
display  D   display_settings.c:527  _al_score_display_settings       [   0.09028] Score is : 598
display  D   display_settings.c:212  debug_display_settings           [   0.09034] color: 16 (rgba 5650), depth: 16, stencil: 0, acc: 0000, samples: 3/1
display  D   display_settings.c:527  _al_score_display_settings       [   0.09041] Score is : 593
display  D   display_settings.c:212  debug_display_settings           [   0.09049] color: 16 (rgba 5650), depth: 16, stencil: 0, acc: 0000, samples: 4/1
display  D   display_settings.c:527  _al_score_display_settings       [   0.09064] Score is : 589
display  D   display_settings.c:212  debug_display_settings           [   0.09071] color: 32 (rgba 8880), depth: 0, stencil: 0, acc: 0000, samples: 0/0
display  D   display_settings.c:398  _al_score_display_settings       [   0.09078] Single Buffer requirement not met.
display  D   display_settings.c:212  debug_display_settings           [   0.09085] color: 32 (rgba 8880), depth: 0, stencil: 0, acc: 0000, samples: 0/0
display  D   display_settings.c:398  _al_score_display_settings       [   0.09092] Single Buffer requirement not met.
display  D   display_settings.c:212  debug_display_settings           [   0.09098] color: 32 (rgba 8880), depth: 0, stencil: 0, acc: 0000, samples: 2/1
display  D   display_settings.c:398  _al_score_display_settings       [   0.09104] Single Buffer requirement not met.
display  D   display_settings.c:212  debug_display_settings           [   0.09109] color: 32 (rgba 8880), depth: 0, stencil: 0, acc: 0000, samples: 3/1
display  D   display_settings.c:398  _al_score_display_settings       [   0.09115] Single Buffer requirement not met.
display  D   display_settings.c:212  debug_display_settings           [   0.09120] color: 32 (rgba 8880), depth: 0, stencil: 0, acc: 0000, samples: 4/1
display  D   display_settings.c:398  _al_score_display_settings       [   0.09126] Single Buffer requirement not met.
display  D   display_settings.c:212  debug_display_settings           [   0.09131] color: 32 (rgba 8880), depth: 24, stencil: 8, acc: 0000, samples: 0/0
display  D   display_settings.c:398  _al_score_display_settings       [   0.09137] Single Buffer requirement not met.
display  D   display_settings.c:212  debug_display_settings           [   0.09142] color: 32 (rgba 8880), depth: 24, stencil: 8, acc: 0000, samples: 0/0
display  D   display_settings.c:398  _al_score_display_settings       [   0.09149] Single Buffer requirement not met.
display  D   display_settings.c:212  debug_display_settings           [   0.09156] color: 32 (rgba 8880), depth: 24, stencil: 8, acc: 0000, samples: 2/1
display  D   display_settings.c:398  _al_score_display_settings       [   0.09162] Single Buffer requirement not met.
display  D   display_settings.c:212  debug_display_settings           [   0.09167] color: 32 (rgba 8880), depth: 24, stencil: 8, acc: 0000, samples: 3/1
display  D   display_settings.c:398  _al_score_display_settings       [   0.09174] Single Buffer requirement not met.
display  D   display_settings.c:212  debug_display_settings           [   0.09181] color: 32 (rgba 8880), depth: 24, stencil: 8, acc: 0000, samples: 4/1
display  D   display_settings.c:398  _al_score_display_settings       [   0.09187] Single Buffer requirement not met.
display  D   display_settings.c:212  debug_display_settings           [   0.09192] color: 32 (rgba 8880), depth: 24, stencil: 0, acc: 0000, samples: 0/0
display  D   display_settings.c:398  _al_score_display_settings       [   0.09199] Single Buffer requirement not met.
display  D   display_settings.c:212  debug_display_settings           [   0.09205] color: 32 (rgba 8880), depth: 24, stencil: 0, acc: 0000, samples: 0/0
display  D   display_settings.c:398  _al_score_display_settings       [   0.09211] Single Buffer requirement not met.
display  D   display_settings.c:212  debug_display_settings           [   0.09220] color: 32 (rgba 8880), depth: 24, stencil: 0, acc: 0000, samples: 2/1
display  D   display_settings.c:398  _al_score_display_settings       [   0.09228] Single Buffer requirement not met.
display  D   display_settings.c:212  debug_display_settings           [   0.09235] color: 32 (rgba 8880), depth: 24, stencil: 0, acc: 0000, samples: 3/1
display  D   display_settings.c:398  _al_score_display_settings       [   0.09241] Single Buffer requirement not met.
display  D   display_settings.c:212  debug_display_settings           [   0.09246] color: 32 (rgba 8880), depth: 24, stencil: 0, acc: 0000, samples: 4/1
display  D   display_settings.c:398  _al_score_display_settings       [   0.09255] Single Buffer requirement not met.
display  D   display_settings.c:212  debug_display_settings           [   0.09261] color: 32 (rgba 8880), depth: 16, stencil: 0, acc: 0000, samples: 0/0
display  D   display_settings.c:398  _al_score_display_settings       [   0.09267] Single Buffer requirement not met.
display  D   display_settings.c:212  debug_display_settings           [   0.09274] color: 32 (rgba 8880), depth: 16, stencil: 0, acc: 0000, samples: 0/0
display  D   display_settings.c:398  _al_score_display_settings       [   0.09283] Single Buffer requirement not met.
display  D   display_settings.c:212  debug_display_settings           [   0.09291] color: 32 (rgba 8880), depth: 16, stencil: 0, acc: 0000, samples: 2/1
display  D   display_settings.c:398  _al_score_display_settings       [   0.09299] Single Buffer requirement not met.
display  D   display_settings.c:212  debug_display_settings           [   0.09305] color: 32 (rgba 8880), depth: 16, stencil: 0, acc: 0000, samples: 3/1
display  D   display_settings.c:398  _al_score_display_settings       [   0.09311] Single Buffer requirement not met.
display  D   display_settings.c:212  debug_display_settings           [   0.09320] color: 32 (rgba 8880), depth: 16, stencil: 0, acc: 0000, samples: 4/1
display  D   display_settings.c:398  _al_score_display_settings       [   0.09328] Single Buffer requirement not met.
display  D   display_settings.c:212  debug_display_settings           [   0.09336] color: 16 (rgba 5650), depth: 0, stencil: 0, acc: 0000, samples: 0/0
display  D   display_settings.c:398  _al_score_display_settings       [   0.09344] Single Buffer requirement not met.
display  D   display_settings.c:212  debug_display_settings           [   0.09351] color: 16 (rgba 5650), depth: 0, stencil: 0, acc: 0000, samples: 0/0
display  D   display_settings.c:398  _al_score_display_settings       [   0.09357] Single Buffer requirement not met.
display  D   display_settings.c:212  debug_display_settings           [   0.09363] color: 16 (rgba 5650), depth: 0, stencil: 0, acc: 0000, samples: 2/1
display  D   display_settings.c:398  _al_score_display_settings       [   0.09369] Single Buffer requirement not met.
display  D   display_settings.c:212  debug_display_settings           [   0.09374] color: 16 (rgba 5650), depth: 0, stencil: 0, acc: 0000, samples: 3/1
display  D   display_settings.c:398  _al_score_display_settings       [   0.09380] Single Buffer requirement not met.
display  D   display_settings.c:212  debug_display_settings           [   0.09386] color: 16 (rgba 5650), depth: 0, stencil: 0, acc: 0000, samples: 4/1
display  D   display_settings.c:398  _al_score_display_settings       [   0.09393] Single Buffer requirement not met.
display  D   display_settings.c:212  debug_display_settings           [   0.09400] color: 16 (rgba 5650), depth: 24, stencil: 8, acc: 0000, samples: 0/0
display  D   display_settings.c:398  _al_score_display_settings       [   0.09405] Single Buffer requirement not met.
display  D   display_settings.c:212  debug_display_settings           [   0.09411] color: 16 (rgba 5650), depth: 24, stencil: 8, acc: 0000, samples: 0/0
display  D   display_settings.c:398  _al_score_display_settings       [   0.09416] Single Buffer requirement not met.
display  D   display_settings.c:212  debug_display_settings           [   0.09422] color: 16 (rgba 5650), depth: 24, stencil: 8, acc: 0000, samples: 2/1
display  D   display_settings.c:398  _al_score_display_settings       [   0.09427] Single Buffer requirement not met.
display  D   display_settings.c:212  debug_display_settings           [   0.09432] color: 16 (rgba 5650), depth: 24, stencil: 8, acc: 0000, samples: 3/1
display  D   display_settings.c:398  _al_score_display_settings       [   0.09438] Single Buffer requirement not met.
display  D   display_settings.c:212  debug_display_settings           [   0.09443] color: 16 (rgba 5650), depth: 24, stencil: 8, acc: 0000, samples: 4/1
display  D   display_settings.c:398  _al_score_display_settings       [   0.09453] Single Buffer requirement not met.
display  D   display_settings.c:212  debug_display_settings           [   0.09459] color: 16 (rgba 5650), depth: 24, stencil: 0, acc: 0000, samples: 0/0
display  D   display_settings.c:398  _al_score_display_settings       [   0.09467] Single Buffer requirement not met.
display  D   display_settings.c:212  debug_display_settings           [   0.09473] color: 16 (rgba 5650), depth: 24, stencil: 0, acc: 0000, samples: 0/0
display  D   display_settings.c:398  _al_score_display_settings       [   0.09478] Single Buffer requirement not met.
display  D   display_settings.c:212  debug_display_settings           [   0.09484] color: 16 (rgba 5650), depth: 24, stencil: 0, acc: 0000, samples: 2/1
display  D   display_settings.c:398  _al_score_display_settings       [   0.09490] Single Buffer requirement not met.
display  D   display_settings.c:212  debug_display_settings           [   0.09495] color: 16 (rgba 5650), depth: 24, stencil: 0, acc: 0000, samples: 3/1
display  D   display_settings.c:398  _al_score_display_settings       [   0.09500] Single Buffer requirement not met.
display  D   display_settings.c:212  debug_display_settings           [   0.09506] color: 16 (rgba 5650), depth: 24, stencil: 0, acc: 0000, samples: 4/1
display  D   display_settings.c:398  _al_score_display_settings       [   0.09511] Single Buffer requirement not met.
display  D   display_settings.c:212  debug_display_settings           [   0.09517] color: 16 (rgba 5650), depth: 16, stencil: 0, acc: 0000, samples: 0/0
display  D   display_settings.c:398  _al_score_display_settings       [   0.09522] Single Buffer requirement not met.
display  D   display_settings.c:212  debug_display_settings           [   0.09530] color: 16 (rgba 5650), depth: 16, stencil: 0, acc: 0000, samples: 0/0
display  D   display_settings.c:398  _al_score_display_settings       [   0.09539] Single Buffer requirement not met.
display  D   display_settings.c:212  debug_display_settings           [   0.09547] color: 16 (rgba 5650), depth: 16, stencil: 0, acc: 0000, samples: 2/1
display  D   display_settings.c:398  _al_score_display_settings       [   0.09554] Single Buffer requirement not met.
display  D   display_settings.c:212  debug_display_settings           [   0.09560] color: 16 (rgba 5650), depth: 16, stencil: 0, acc: 0000, samples: 3/1
display  D   display_settings.c:398  _al_score_display_settings       [   0.09568] Single Buffer requirement not met.
display  D   display_settings.c:212  debug_display_settings           [   0.09575] color: 16 (rgba 5650), depth: 16, stencil: 0, acc: 0000, samples: 4/1
display  D   display_settings.c:398  _al_score_display_settings       [   0.09596] Single Buffer requirement not met.
d3d      D         d3d_disp.cpp:1678 d3d_create_display_internals     [   0.09607] Trying format 0.
d3d      I         d3d_disp.cpp:1354 d3d_display_thread_proc          [   0.09676] Chose a display format: 23
d3d      I         d3d_disp.cpp:1423 d3d_display_thread_proc          [   0.09685] Normal window.
d3d      I         d3d_disp.cpp:791  d3d_create_device                [   0.12303] Using no depth stencil buffer
d3d      D         d3d_disp.cpp:849  d3d_create_device                [   0.19413] BeginScene succeeded in create_device
d3d      D         d3d_disp.cpp:857  d3d_create_device                [   0.19423] Success
d3d      D         d3d_disp.cpp:1701 d3d_create_display_internals     [   0.19433] Resumed after wait.
d3d      I         d3d_disp.cpp:1734 d3d_create_display_internals     [   0.19445] Format 0 succeeded.
d3d      D         d3d_disp.cpp:1765 d3d_create_display_internals     [   0.19452] Returning d3d_display: 02B6EBD0
d3d      D         d3d_disp.cpp:1790 d3d_create_display_locked        [   0.19459] al_display=02B6EBD0
d3d      D         d3d_disp.cpp:1791 d3d_create_display_locked        [   0.19467] al_display->vt=00A6C9C8
dtor     D               dtor.c:196  _al_register_destructor          [   0.19484] added dtor for timer 03890D00, func 7958195B
dtor     D               dtor.c:196  _al_register_destructor          [   0.19493] added dtor for queue 03892FE8, func 795816FE
